warn:    --minUptime not set. Defaulting to: 1000ms
warn:    --spinSleepTime not set. Your script will exit if it does not stay up for at least 1000ms
Welsh Pony Farm Website is listening on http://localhost:3000
[0mGET /admin/ [36m304 [0m76.934 ms - -[0m
[0mGET /lib/font-awesome/css/font-awesome.min.css [36m304 [0m17.587 ms - -[0m
[0mGET /css/app.css [36m304 [0m19.136 ms - -[0m
[0mGET /admin/login/css/login.css [36m304 [0m19.316 ms - -[0m
[0mGET /admin/horses/css/admin_horses.css [32m200 [0m25.256 ms - 351[0m
[0mGET /shared_services/shared_services.client.module.js [32m200 [0m7.436 ms - 67[0m
[0mGET /shared_services/horses.client.service.js [32m200 [0m10.230 ms - 254[0m
[0mGET /lib/angular-route/angular-route.js [32m200 [0m34.227 ms - 38847[0m
[0mGET /lib/angular-resource/angular-resource.js [32m200 [0m25.329 ms - 35267[0m
[0mGET /admin/login/login.client.module.js [32m200 [0m8.416 ms - 45[0m
[0mGET /admin/login/controllers/login.client.controller.js [32m200 [0m7.304 ms - 54[0m
[0mGET /admin/login/config/login.client.routes.js [32m200 [0m5.494 ms - 256[0m
[0mGET /lib/angular/angular.js [32m200 [0m32.955 ms - 1187559[0m
[0mGET /admin/horses/css/add_horse.css [32m200 [0m10.454 ms - 315[0m
[0mGET /admin/horses/css/edit_horses.css [32m200 [0m9.378 ms - 448[0m
[0mGET /admin/horses/css/edit_horse.css [32m200 [0m6.703 ms - 73[0m
[0mGET /admin/horses/admin_horses.client.module.js [32m200 [0m6.397 ms - 69[0m
[0mGET /admin/horses/controllers/admin_horses.client.controller.js [36m304 [0m2.428 ms - -[0m
[0mGET /admin/horses/config/admin_horses.client.routes.js [32m200 [0m8.062 ms - 551[0m
[0mGET /admin/admin.js [32m200 [0m5.898 ms - 347[0m
[0mGET /admin/login/views/login.client.view.html [32m200 [0m11.179 ms - 684[0m
[0mGET /favicon.ico [36m304 [0m8.960 ms - -[0m
warn:    --minUptime not set. Defaulting to: 1000ms
warn:    --spinSleepTime not set. Your script will exit if it does not stay up for at least 1000ms
Welsh Pony Farm Website is listening on http://localhost:3000
[0mGET /admin/login [36m301 [0m45.890 ms - 57[0m
[0mGET /admin/login/ [32m200 [0m45.677 ms - 1895[0m
[0mGET /lib/font-awesome/css/font-awesome.min.css [36m304 [0m15.586 ms - -[0m
[0mGET /css/app.css [36m304 [0m17.490 ms - -[0m
[0mGET /admin/login/css/login.css [36m304 [0m18.177 ms - -[0m
[0mGET /lib/angular/angular.js [36m304 [0m18.530 ms - -[0m
[0mGET /admin/horses/css/admin_horses.css [36m304 [0m18.748 ms - -[0m
[0mGET /lib/angular-route/angular-route.js [36m304 [0m19.058 ms - -[0m
[0mGET /lib/angular-resource/angular-resource.js [36m304 [0m1.968 ms - -[0m
[0mGET /shared_services/shared_services.client.module.js [36m304 [0m13.803 ms - -[0m
[0mGET /shared_services/horses.client.service.js [36m304 [0m17.061 ms - -[0m
[0mGET /admin/login/login.client.module.js [36m304 [0m18.864 ms - -[0m
[0mGET /admin/login/controllers/login.client.controller.js [36m304 [0m18.402 ms - -[0m
[0mGET /admin/login/config/login.client.routes.js [36m304 [0m18.611 ms - -[0m
[0mGET /admin/horses/admin_horses.client.module.js [36m304 [0m16.687 ms - -[0m
[0mGET /admin/horses/css/add_horse.css [36m304 [0m15.953 ms - -[0m
[0mGET /admin/horses/css/edit_horses.css [36m304 [0m13.143 ms - -[0m
[0mGET /admin/horses/css/edit_horse.css [36m304 [0m15.073 ms - -[0m
[0mGET /admin/horses/controllers/admin_horses.client.controller.js [36m304 [0m15.119 ms - -[0m
[0mGET /admin/horses/config/admin_horses.client.routes.js [36m304 [0m15.318 ms - -[0m
[0mGET /admin/admin.js [36m304 [0m15.231 ms - -[0m
[0mGET /admin/login/views/login.client.view.html [36m304 [0m2.995 ms - -[0m
[0mGET /favicon.ico [36m304 [0m9.865 ms - -[0m
[0mGET / [32m200 [0m8.245 ms - 2444[0m
[0mGET /lib/font-awesome/css/font-awesome.min.css [36m304 [0m4.939 ms - -[0m
[0mGET /css/app.css [36m304 [0m46.161 ms - -[0m
[0mGET /lib/angular/angular.js [36m304 [0m44.948 ms - -[0m
[0mGET /lib/angular-route/angular-route.js [36m304 [0m46.033 ms - -[0m
[0mGET /home/css/home.css [32m200 [0m68.812 ms - 920[0m
[0mGET /horses/css/horses.css [32m200 [0m81.398 ms - 2134[0m
[0mGET /about/css/about.css [32m200 [0m83.623 ms - 118[0m
[0mGET /lib/angular-resource/angular-resource.js [36m304 [0m32.755 ms - -[0m
[0mGET /shared_services/shared_services.client.module.js [36m304 [0m7.816 ms - -[0m
[0mGET /shared_services/horses.client.service.js [36m304 [0m3.958 ms - -[0m
[0mGET /home/home.client.module.js [32m200 [0m11.763 ms - 27[0m
[0mGET /home/controllers/home.client.controller.js [32m200 [0m10.899 ms - 111[0m
[0mGET /home/config/home.client.routes.js [32m200 [0m11.368 ms - 225[0m
[0mGET /horses/horses.client.module.js [32m200 [0m11.861 ms - 63[0m
[0mGET /horses/controllers/horses.client.controller.js [32m200 [0m2.427 ms - 250[0m
[0mGET /horses/config/horses.client.routes.js [32m200 [0m3.537 ms - 227[0m
[0mGET /about/about.client.module.js [32m200 [0m2.404 ms - 45[0m
[0mGET /app.js [32m200 [0m6.883 ms - 422[0m
[0mGET /about/config/about.client.routes.js [32m200 [0m8.120 ms - 241[0m
[0mGET /favicon.ico [36m304 [0m13.405 ms - -[0m
[0mGET /home/views/home.client.view.html [32m200 [0m21.958 ms - 292[0m
[0mGET /home/media/facebook_horse.jpg [36m304 [0m1.850 ms - -[0m
[0mGET /favicon.ico [36m304 [0m20.331 ms - -[0m
[0mGET /horses/views/horses.client.view.html [32m200 [0m2.517 ms - 2093[0m
[0mGET /favicon.ico [36m304 [0m3.133 ms - -[0m
(node:30369) DeprecationWarning: Mongoose: mpromise (mongoose's default promise library) is deprecated, plug in your own promise library instead: http://mongoosejs.com/docs/promises.html
[0mGET /api/horses [36m304 [0m90.148 ms - -[0m
[0mGET /images/Ajax/Clydesdale.jpg [36m304 [0m1.890 ms - -[0m
[0mGET /images/Show%20Horse%20No.%204/Johnson.JPG [36m304 [0m6.122 ms - -[0m
[0mGET /images/Test%20Horse%202/IMG_20160629_125053.jpg [36m304 [0m5.539 ms - -[0m
[0mGET /images/test%20horse%203/ScreenShot_16-10-30_14-44-18-000.jpg [36m304 [0m6.018 ms - -[0m
[0mGET /favicon.ico [36m304 [0m10.689 ms - -[0m
[0mGET /favicon.ico [36m304 [0m10.757 ms - -[0m
[0mGET /api/horses [36m304 [0m25.159 ms - -[0m
[0mGET /favicon.ico [36m304 [0m5.341 ms - -[0m
[0mGET /favicon.ico [36m304 [0m5.233 ms - -[0m
[0mGET /favicon.ico [36m304 [0m5.338 ms - -[0m
[0mGET /about/views/about.client.view.html [32m200 [0m5.175 ms - 59[0m
[0mGET /horses [36m301 [0m9.584 ms - 47[0m
[0mGET /horses/ [32m200 [0m4.556 ms - 2444[0m
[0mGET /lib/font-awesome/css/font-awesome.min.css [32m200 [0m3.475 ms - 31000[0m
[0mGET /css/app.css [32m200 [0m15.734 ms - 1303[0m
[0mGET /home/css/home.css [32m200 [0m28.896 ms - 920[0m
[0mGET /horses/css/horses.css [32m200 [0m29.075 ms - 2134[0m
[0mGET /about/css/about.css [32m200 [0m26.082 ms - 118[0m
[0mGET /lib/angular-resource/angular-resource.js [32m200 [0m17.006 ms - 35267[0m
[0mGET /lib/angular-route/angular-route.js [32m200 [0m10.613 ms - 38847[0m
[0mGET /shared_services/horses.client.service.js [32m200 [0m6.624 ms - 254[0m
[0mGET /shared_services/shared_services.client.module.js [32m200 [0m7.111 ms - 67[0m
[0mGET /home/home.client.module.js [32m200 [0m3.344 ms - 27[0m
[0mGET /lib/angular/angular.js [32m200 [0m27.807 ms - 1187559[0m
[0mGET /home/controllers/home.client.controller.js [32m200 [0m6.855 ms - 111[0m
[0mGET /home/config/home.client.routes.js [32m200 [0m7.002 ms - 225[0m
[0mGET /horses/controllers/horses.client.controller.js [32m200 [0m33.532 ms - 250[0m
[0mGET /horses/horses.client.module.js [32m200 [0m7.731 ms - 63[0m
[0mGET /horses/config/horses.client.routes.js [32m200 [0m3.563 ms - 227[0m
[0mGET /about/about.client.module.js [32m200 [0m4.656 ms - 45[0m
[0mGET /about/config/about.client.routes.js [32m200 [0m4.562 ms - 241[0m
[0mGET /app.js [32m200 [0m2.238 ms - 422[0m
[0mGET /horses/views/horses.client.view.html [32m200 [0m3.705 ms - 2093[0m
[0mGET /favicon.ico [36m304 [0m3.770 ms - -[0m
[0mGET /favicon.ico [36m304 [0m36.486 ms - -[0m
[0mGET /api/horses [36m304 [0m85.294 ms - -[0m
[0mHEAD /robots.txt [32m200 [0m17.042 ms - 2444[0m
[0mGET http://testp4.pospr.waw.pl/testproxy.php [32m200 [0m9.464 ms - 2444[0m
[0mGET / [32m200 [0m5.117 ms - 2444[0m
[0mGET /CFIDE/administrator/ [32m200 [0m5.078 ms - 2444[0m
[0mGET /admin/basic [32m200 [0m10.211 ms - 1895[0m
[0mGET / [32m200 [0m4.703 ms - 2444[0m
[0mGET http://testp1.piwo.pila.pl/testproxy.php [32m200 [0m4.924 ms - 2444[0m
[0mGET /home [36m301 [0m3.133 ms - 43[0m
[0mGET /home/ [32m200 [0m4.724 ms - 2444[0m
[0mGET /css/app.css [32m200 [0m8.419 ms - 1303[0m
[0mGET /home/css/home.css [32m200 [0m3.908 ms - 920[0m
[0mGET /lib/font-awesome/css/font-awesome.min.css [32m200 [0m14.570 ms - 31000[0m
[0mGET /horses/css/horses.css [32m200 [0m3.587 ms - 2134[0m
[0mGET /about/css/about.css [32m200 [0m7.961 ms - 118[0m
[0mGET /lib/angular-route/angular-route.js [32m200 [0m3.590 ms - 38847[0m
[0mGET /lib/angular-resource/angular-resource.js [32m200 [0m3.658 ms - 35267[0m
[0mGET /shared_services/shared_services.client.module.js [32m200 [0m18.027 ms - 67[0m
[0mGET /home/controllers/home.client.controller.js [32m200 [0m18.132 ms - 111[0m
[0mGET /shared_services/horses.client.service.js [32m200 [0m17.905 ms - 254[0m
[0mGET /home/home.client.module.js [32m200 [0m19.294 ms - 27[0m
[0mGET /home/config/home.client.routes.js [32m200 [0m5.724 ms - 225[0m
[0mGET /horses/horses.client.module.js [32m200 [0m3.565 ms - 63[0m
[0mGET /horses/controllers/horses.client.controller.js [32m200 [0m17.797 ms - 250[0m
[0mGET /horses/config/horses.client.routes.js [32m200 [0m16.451 ms - 227[0m
[0mGET /about/about.client.module.js [32m200 [0m14.706 ms - 45[0m
[0mGET /about/config/about.client.routes.js [32m200 [0m3.548 ms - 241[0m
[0mGET /app.js [32m200 [0m3.370 ms - 422[0m
[0mGET /lib/angular/angular.js [32m200 [0m10.825 ms - 1187559[0m
[0mGET /home/views/home.client.view.html [32m200 [0m3.522 ms - 292[0m
[0mGET /favicon.ico [32m200 [0m4.543 ms - 2444[0m
[0mGET /home/media/facebook_horse.jpg [32m200 [0m3.453 ms - 272053[0m
[0mGET /favicon.ico [36m304 [0m7.623 ms - -[0m
[0mGET /horses/views/horses.client.view.html [32m200 [0m9.156 ms - 2093[0m
[0mGET /api/horses [32m200 [0m46.729 ms - 803[0m
[0mGET /images/Ajax/Clydesdale.jpg [32m200 [0m3.691 ms - 19063[0m
[0mGET /images/test%20horse%203/ScreenShot_16-10-30_14-44-18-000.jpg [32m200 [0m3.640 ms - 465289[0m
[0mGET /images/Test%20Horse%202/IMG_20160629_125053.jpg [32m200 [0m6.693 ms - 2195464[0m
[0mGET /images/Show%20Horse%20No.%204/Johnson.JPG [32m200 [0m7.056 ms - 3682128[0m
[0mGET /favicon.ico [36m304 [0m4.721 ms - -[0m
[0mGET /favicon.ico [36m304 [0m4.643 ms - -[0m
[0mGET /api/horses [36m304 [0m22.000 ms - -[0m
[0mGET /favicon.ico [36m304 [0m4.919 ms - -[0m
[0mGET /favicon.ico [36m304 [0m9.475 ms - -[0m
[0mGET /about/views/about.client.view.html [32m200 [0m9.598 ms - 59[0m
[0mGET /favicon.ico [36m304 [0m9.009 ms - -[0m
[0mGET /favicon.ico [36m304 [0m38.678 ms - -[0m
[0mGET /favicon.ico [36m304 [0m2.806 ms - -[0m
[0mGET /api/horses [36m304 [0m11.835 ms - -[0m
[0mGET /favicon.ico [36m304 [0m4.027 ms - -[0m
[0mGET /favicon.ico [36m304 [0m4.769 ms - -[0m
[0mGET /api/horses [36m304 [0m28.434 ms - -[0m
[0mGET /favicon.ico [36m304 [0m26.108 ms - -[0m
[0mGET /favicon.ico [36m304 [0m11.911 ms - -[0m
[0mGET /favicon.ico [36m304 [0m9.432 ms - -[0m
[0mGET /api/horses [36m304 [0m28.502 ms - -[0m
[0mGET /favicon.ico [36m304 [0m4.959 ms - -[0m
[0mGET /favicon.ico [36m304 [0m4.647 ms - -[0m
[0mGET /api/horses [36m304 [0m20.189 ms - -[0m
[0mGET /favicon.ico [36m304 [0m17.807 ms - -[0m
[0mGET /favicon.ico [36m304 [0m4.901 ms - -[0m
[0mGET /phpMyAdmin/scripts/setup.php [32m200 [0m10.175 ms - 2444[0m
[0mGET /pma/scripts/setup.php [32m200 [0m4.705 ms - 2444[0m
[0mGET /myadmin/scripts/setup.php [32m200 [0m4.432 ms - 2444[0m
[0mGET /cgi/common.cgi [32m200 [0m4.644 ms - 2444[0m
[0mGET /stssys.htm [32m200 [0m4.462 ms - 2444[0m
[0mGET / [32m200 [0m4.723 ms - 2444[0m
[0mPOST /command.php [33m404 [0m149.644 ms - 25[0m
[0mGET /language/Swedish${IFS}&&echo${IFS}610cker>qt&&tar${IFS}/string.js [32m200 [0m3.193 ms - 2444[0m
[0mGET http://37.48.94.6/proxychecker/check.cgi?action=getinfo [32m200 [0m5.290 ms - 2444[0m
[0mGET /x [32m200 [0m4.629 ms - 2444[0m
[0mGET / [32m200 [0m7.332 ms - 2444[0m
[0mGET http://www.msftncsi.com/ncsi.txt [32m200 [0m5.223 ms - 2444[0m
[0mGET /HNAP1/ [32m200 [0m4.571 ms - 2444[0m
[0mGET http://testp4.pospr.waw.pl/testproxy.php [32m200 [0m4.867 ms - 2444[0m
[0mGET / [32m200 [0m8.314 ms - 2444[0m
[0mGET / [32m200 [0m4.670 ms - 2444[0m
[0mGET / [32m200 [0m6.255 ms - 2444[0m
[0mGET / [32m200 [0m4.805 ms - 2444[0m
[0mGET / [32m200 [0m4.491 ms - 2444[0m
[0mGET http://testp1.piwo.pila.pl/testproxy.php [32m200 [0m4.932 ms - 2444[0m
[0mGET / [32m200 [0m4.605 ms - 2444[0m
[0mGET / [32m200 [0m5.154 ms - 2444[0m
[0mGET /muieblackcat [32m200 [0m7.544 ms - 2444[0m
[0mGET //phpmyadmin/scripts/setup.php [32m200 [0m4.698 ms - 2444[0m
[0mGET //phpMyAdmin/scripts/setup.php [32m200 [0m4.616 ms - 2444[0m
[0mGET //mysqladmin/scripts/setup.php [32m200 [0m4.573 ms - 2444[0m
[0mGET / [32m200 [0m4.700 ms - 2444[0m
[0mGET http://testp4.pospr.waw.pl/testproxy.php [32m200 [0m4.851 ms - 2444[0m
[0mGET /xmlrpc.php [32m200 [0m4.783 ms - 2444[0m
[0mGET / [32m200 [0m4.568 ms - 2444[0m
[0mGET / [32m200 [0m4.335 ms - 2444[0m
[0mHEAD /phpmyadmin/index.php [32m200 [0m4.591 ms - 2444[0m
[0mGET / [32m200 [0m4.615 ms - 2444[0m
[0mGET / [32m200 [0m5.426 ms - 2444[0m
[0mHEAD http://180.163.113.82/check_proxy [32m200 [0m5.044 ms - 2444[0m
[0mGET http://testp3.pospr.waw.pl/testproxy.php [32m200 [0m6.100 ms - 2444[0m
[0mGET / [32m200 [0m4.708 ms - 2444[0m
[0mHEAD / [32m200 [0m4.758 ms - 2444[0m
[0mHEAD /robots.txt [32m200 [0m4.558 ms - 2444[0m
[0mHEAD / [32m200 [0m4.771 ms - 2444[0m
[0mHEAD / [32m200 [0m4.599 ms - 2444[0m
[0mGET http://testp1.piwo.pila.pl/testproxy.php [32m200 [0m4.871 ms - 2444[0m
[0mGET /muieblackcat [32m200 [0m4.381 ms - 2444[0m
[0mGET //phpMyAdmin/scripts/setup.php [32m200 [0m4.507 ms - 2444[0m
[0mGET //phpmyadmin/scripts/setup.php [32m200 [0m4.776 ms - 2444[0m
[0mGET //pma/scripts/setup.php [32m200 [0m4.458 ms - 2444[0m
[0mGET //myadmin/scripts/setup.php [32m200 [0m4.781 ms - 2444[0m
[0mGET //MyAdmin/scripts/setup.php [32m200 [0m4.592 ms - 2444[0m
[0mGET /muieblackcat [32m200 [0m4.568 ms - 2444[0m
[0mGET //phpMyAdmin/scripts/setup.php [32m200 [0m4.580 ms - 2444[0m
[0mGET //phpmyadmin/scripts/setup.php [32m200 [0m4.817 ms - 2444[0m
[0mGET //pma/scripts/setup.php [32m200 [0m4.754 ms - 2444[0m
[0mGET //myadmin/scripts/setup.php [32m200 [0m4.744 ms - 2444[0m
[0mGET //MyAdmin/scripts/setup.php [32m200 [0m4.725 ms - 2444[0m
[0mGET / [32m200 [0m4.699 ms - 2444[0m
[0mGET /robots.txt [32m200 [0m13.497 ms - 2444[0m
[0mGET /sitemap.xml [32m200 [0m4.595 ms - 2444[0m
[0mGET / [32m200 [0m7.462 ms - 2444[0m
[0mGET /cgi/common.cgi [32m200 [0m4.333 ms - 2444[0m
[0mGET /stssys.htm [32m200 [0m4.448 ms - 2444[0m
[0mGET / [32m200 [0m4.441 ms - 2444[0m
[0mPOST /command.php [33m404 [0m7.112 ms - 25[0m
[0mGET /language/Swedish${IFS}&&echo${IFS}610cker>qt&&tar${IFS}/string.js [32m200 [0m4.519 ms - 2444[0m
[0mGET / [32m200 [0m4.579 ms - 2444[0m
[0mOPTIONS / [32m200 [0m5.272 ms - 8[0m
[0mGET / [32m200 [0m4.630 ms - 2444[0m
[0mGET /.git/config [32m200 [0m4.839 ms - 2444[0m
[0mGET http://testp4.pospr.waw.pl/testproxy.php [32m200 [0m4.710 ms - 2444[0m
[0mGET /.git/config [32m200 [0m4.498 ms - 2444[0m
[0mGET /phpMyAdmin/scripts/setup.php [32m200 [0m6.242 ms - 2444[0m
[0mGET /pma/scripts/setup.php [32m200 [0m4.607 ms - 2444[0m
[0mGET /myadmin/scripts/setup.php [32m200 [0m4.646 ms - 2444[0m
[0mGET / [32m200 [0m4.706 ms - 2444[0m
[0mHEAD / [32m200 [0m7.152 ms - 2444[0m
[0mGET /view/index.shtml [32m200 [0m4.467 ms - 2444[0m
[0mGET /operator/basic.shtml [32m200 [0m4.781 ms - 2444[0m
[0mGET /setup [32m200 [0m4.445 ms - 2444[0m
[0mGET /secure/ltx_conf.htm [32m200 [0m4.601 ms - 2444[0m
[0mGET /syslog.htm [32m200 [0m4.410 ms - 2444[0m
[0mGET / [32m200 [0m4.607 ms - 2444[0m
[0mGET /horses/css/horses.css [32m200 [0m22.304 ms - 2134[0m
[0mGET /about/css/about.css [32m200 [0m21.584 ms - 118[0m
[0mGET /home/css/home.css [32m200 [0m21.155 ms - 920[0m
[0mGET /css/app.css [32m200 [0m27.867 ms - 1303[0m
[0mGET /lib/font-awesome/css/font-awesome.min.css [32m200 [0m3.726 ms - 31000[0m
[0mGET /shared_services/shared_services.client.module.js [32m200 [0m3.194 ms - 67[0m
[0mGET /shared_services/horses.client.service.js [32m200 [0m3.086 ms - 254[0m
[0mGET /home/home.client.module.js [32m200 [0m3.304 ms - 27[0m
[0mGET /lib/angular-route/angular-route.js [32m200 [0m3.085 ms - 38847[0m
[0mGET /lib/angular-resource/angular-resource.js [32m200 [0m3.299 ms - 35267[0m
[0mGET /home/controllers/home.client.controller.js [32m200 [0m3.286 ms - 111[0m
[0mGET /horses/controllers/horses.client.controller.js [32m200 [0m3.425 ms - 250[0m
[0mGET /home/config/home.client.routes.js [32m200 [0m3.147 ms - 225[0m
[0mGET /horses/horses.client.module.js [32m200 [0m3.644 ms - 63[0m
[0mGET /horses/config/horses.client.routes.js [32m200 [0m3.697 ms - 227[0m
[0mGET /about/about.client.module.js [32m200 [0m3.306 ms - 45[0m
[0mGET /about/config/about.client.routes.js [32m200 [0m3.213 ms - 241[0m
[0mGET /app.js [32m200 [0m13.988 ms - 422[0m
[0mGET /lib/angular/angular.js [32m200 [0m21.776 ms - 1187559[0m
[0mGET /home/views/home.client.view.html [32m200 [0m3.258 ms - 292[0m
[0mGET /home/media/facebook_horse.jpg [32m200 [0m3.443 ms - 272053[0m
[0mGET http://httpheader.net/ [32m200 [0m5.128 ms - 2444[0m
[0mGET /x [32m200 [0m7.586 ms - 2444[0m
[0mGET / [32m200 [0m7.367 ms - 2444[0m
[0mGET http://testp1.piwo.pila.pl/testproxy.php [32m200 [0m4.754 ms - 2444[0m
[0mHEAD / [32m200 [0m18.950 ms - 2444[0m
[0mGET / [32m200 [0m6.226 ms - 2444[0m
[0mHEAD / [32m200 [0m4.468 ms - 2444[0m
[0mGET / [32m200 [0m4.414 ms - 2444[0m
[0mGET / [32m200 [0m4.590 ms - 2444[0m
[0mGET / [32m200 [0m4.540 ms - 2444[0m
[0mHEAD / [32m200 [0m4.414 ms - 2444[0m
[0mHEAD /wp-login.php [32m200 [0m4.466 ms - 2444[0m
[0mHEAD /wp-content/ [32m200 [0m4.455 ms - 2444[0m
[0mHEAD /magmi/ [32m200 [0m10.989 ms - 2444[0m
[0mHEAD /skin/adminhtml/ [32m200 [0m13.617 ms - 2444[0m
[0mHEAD /app/Mage.php [32m200 [0m4.495 ms - 2444[0m
[0mHEAD / [32m200 [0m6.163 ms - 2444[0m
[0mGET / [32m200 [0m4.414 ms - 2444[0m
[0mGET http://testp4.pospr.waw.pl/testproxy.php [32m200 [0m4.708 ms - 2444[0m
[0mGET / [32m200 [0m7.555 ms - 2444[0m
[0mHEAD / [32m200 [0m7.206 ms - 2444[0m
[0mGET /phpMyAdmin/scripts/setup.php [32m200 [0m4.450 ms - 2444[0m
[0mGET /pma/scripts/setup.php [32m200 [0m4.686 ms - 2444[0m
[0mGET /myadmin/scripts/setup.php [32m200 [0m4.301 ms - 2444[0m
